c:\users\jjy02\onedrive\바탕 화면\c언어\240125_계좌관리프로그램_템플릿+예외처리\240124_계좌관리프로그램\x64\debug\vc143.pdb
c:\users\jjy02\onedrive\바탕 화면\c언어\240125_계좌관리프로그램_템플릿+예외처리\240124_계좌관리프로그램\x64\debug\vc143.idb
c:\users\jjy02\onedrive\바탕 화면\c언어\240125_계좌관리프로그램_템플릿+예외처리\240124_계좌관리프로그램\x64\debug\wbprint.obj
c:\users\jjy02\onedrive\바탕 화면\c언어\240125_계좌관리프로그램_템플릿+예외처리\240124_계좌관리프로그램\x64\debug\wblib.obj
c:\users\jjy02\onedrive\바탕 화면\c언어\240125_계좌관리프로그램_템플릿+예외처리\240124_계좌관리프로그램\x64\debug\wbfile.obj
c:\users\jjy02\onedrive\바탕 화면\c언어\240125_계좌관리프로그램_템플릿+예외처리\240124_계좌관리프로그램\x64\debug\wbarray.obj
c:\users\jjy02\onedrive\바탕 화면\c언어\240125_계좌관리프로그램_템플릿+예외처리\240124_계좌관리프로그램\x64\debug\start.obj
c:\users\jjy02\onedrive\바탕 화면\c언어\240125_계좌관리프로그램_템플릿+예외처리\240124_계좌관리프로그램\x64\debug\faithaccount.obj
c:\users\jjy02\onedrive\바탕 화면\c언어\240125_계좌관리프로그램_템플릿+예외처리\240124_계좌관리프로그램\x64\debug\control.obj
c:\users\jjy02\onedrive\바탕 화면\c언어\240125_계좌관리프로그램_템플릿+예외처리\240124_계좌관리프로그램\x64\debug\contriaccount.obj
c:\users\jjy02\onedrive\바탕 화면\c언어\240125_계좌관리프로그램_템플릿+예외처리\240124_계좌관리프로그램\x64\debug\app.obj
c:\users\jjy02\onedrive\바탕 화면\c언어\240125_계좌관리프로그램_템플릿+예외처리\240124_계좌관리프로그램\x64\debug\account.obj
c:\users\jjy02\onedrive\바탕 화면\c언어\240125_계좌관리프로그램_템플릿+예외처리\240124_계좌관리프로그램\x64\debug\240124_계좌관리프로그램.ilk
c:\users\jjy02\onedrive\바탕 화면\c언어\240125_계좌관리프로그램_템플릿+예외처리\x64\debug\240124_계좌관리프로그램.exe
c:\users\jjy02\onedrive\바탕 화면\c언어\240125_계좌관리프로그램_템플릿+예외처리\x64\debug\240124_계좌관리프로그램.pdb
c:\users\jjy02\onedrive\바탕 화면\c언어\240125_계좌관리프로그램_템플릿+예외처리\240124_계좌관리프로그램\x64\debug\240124_계좌관리프로그램.tlog\cl.command.1.tlog
c:\users\jjy02\onedrive\바탕 화면\c언어\240125_계좌관리프로그램_템플릿+예외처리\240124_계좌관리프로그램\x64\debug\240124_계좌관리프로그램.tlog\cl.items.tlog
c:\users\jjy02\onedrive\바탕 화면\c언어\240125_계좌관리프로그램_템플릿+예외처리\240124_계좌관리프로그램\x64\debug\240124_계좌관리프로그램.tlog\cl.read.1.tlog
c:\users\jjy02\onedrive\바탕 화면\c언어\240125_계좌관리프로그램_템플릿+예외처리\240124_계좌관리프로그램\x64\debug\240124_계좌관리프로그램.tlog\cl.write.1.tlog
c:\users\jjy02\onedrive\바탕 화면\c언어\240125_계좌관리프로그램_템플릿+예외처리\240124_계좌관리프로그램\x64\debug\240124_계좌관리프로그램.tlog\link.command.1.tlog
c:\users\jjy02\onedrive\바탕 화면\c언어\240125_계좌관리프로그램_템플릿+예외처리\240124_계좌관리프로그램\x64\debug\240124_계좌관리프로그램.tlog\link.read.1.tlog
c:\users\jjy02\onedrive\바탕 화면\c언어\240125_계좌관리프로그램_템플릿+예외처리\240124_계좌관리프로그램\x64\debug\240124_계좌관리프로그램.tlog\link.write.1.tlog
